{
  "RSpec": {
    "coverage": {
      "/Users/rubykobayashi/Projects/Makers_wk10/bank/spec/bank_spec.rb": [
        null,
        null,
        1,
        null,
        1,
        9,
        null,
        1,
        8,
        8,
        null,
        null,
        1,
        1,
        1,
        1,
        null,
        null,
        null,
        1,
        1,
        1,
        1,
        1,
        null,
        null,
        1,
        1,
        2,
        null,
        null,
        null,
        null,
        1,
        1,
        1,
        null,
        null,
        null,
        1,
        1,
        1,
        1,
        null,
        null,
        1,
        1,
        1,
        1,
        null,
        null,
        1,
        1,
        1,
        null,
        null,
        1,
        1,
        1,
        1,
        1,
        1,
        1,
        1,
        1,
        null,
        null,
        null
      ],
      "/Users/rubykobayashi/Projects/Makers_wk10/bank/lib/bank.rb": [
        null,
        null,
        null,
        1,
        1,
        null,
        1,
        13,
        13,
        null,
        null,
        1,
        11,
        11,
        null,
        null,
        1,
        7,
        4,
        4,
        null,
        null,
        1,
        5,
        null,
        null,
        1,
        null,
        1,
        3,
        null,
        null,
        1,
        11,
        null,
        null,
        null,
        1,
        4,
        null,
        null,
        null,
        1,
        7,
        null,
        null
      ],
      "/Users/rubykobayashi/Projects/Makers_wk10/bank/spec/bank_statement_spec.rb": [
        null,
        null,
        null,
        null,
        null,
        null,
        null,
        null,
        null,
        null,
        null,
        null,
        null,
        null,
        null,
        null,
        null,
        null,
        null,
        null,
        null,
        null,
        null,
        null,
        null,
        null,
        null,
        null,
        null,
        null,
        null,
        null,
        null,
        null,
        null,
        null
      ],
      "/Users/rubykobayashi/Projects/Makers_wk10/bank/spec/features/user_can_deposit_and_withdraw_money_spec.rb": [
        null,
        null,
        1,
        null,
        null,
        null,
        null,
        null,
        null,
        null,
        null,
        null,
        1,
        1,
        1,
        1,
        1,
        1,
        1,
        null,
        null
      ],
      "/Users/rubykobayashi/Projects/Makers_wk10/bank/spec/features/user_can_see_bank_balance_spec.rb": [
        null,
        null,
        1,
        1,
        null,
        null,
        null,
        null,
        null,
        1,
        1,
        1,
        1,
        1,
        1,
        1,
        2,
        null,
        null
      ],
      "/Users/rubykobayashi/Projects/Makers_wk10/bank/lib/bank_statement.rb": [
        null,
        null,
        null,
        1,
        1,
        2,
        null,
        null,
        1,
        2,
        2,
        2,
        6,
        2,
        null,
        null,
        1,
        2,
        2,
        8,
        16,
        null,
        null,
        null,
        1,
        10,
        null,
        null,
        1,
        20,
        null,
        null,
        1,
        20,
        4,
        null,
        null
      ],
      "/Users/rubykobayashi/Projects/Makers_wk10/bank/spec/features/user_can_see_date_of_transactions_spec.rb": [
        null,
        null,
        1,
        1,
        null,
        null,
        null,
        null,
        null,
        1,
        1,
        1,
        1,
        1,
        1,
        1,
        1,
        1,
        1,
        1,
        2,
        null,
        null
      ],
      "/Users/rubykobayashi/Projects/Makers_wk10/bank/lib/printer.rb": [
        null,
        null,
        null,
        1,
        1,
        3,
        null,
        null,
        1,
        3,
        null,
        null,
        null
      ],
      "/Users/rubykobayashi/Projects/Makers_wk10/bank/spec/features/user_cannot_withdraw_if_no_credit_or_not_enough_credit_spec.rb": [
        null,
        null,
        1,
        null,
        null,
        null,
        null,
        null,
        null,
        null,
        null,
        null,
        1,
        1,
        1,
        2,
        null,
        null,
        1,
        1,
        1,
        2,
        null,
        null
      ],
      "/Users/rubykobayashi/Projects/Makers_wk10/bank/spec/printer_spec.rb": [
        null,
        null,
        1,
        null,
        1,
        2,
        2,
        2,
        null,
        null,
        null,
        1,
        1,
        1,
        null,
        null,
        1,
        1,
        1,
        2,
        null,
        null,
        null,
        null
      ]
    },
    "timestamp": 1552475080
  }
}
