{
  "RSpec": {
    "coverage": {
      "/Users/rubykobayashi/Projects/Makers_wk10/bank/spec/bank_spec.rb": [
        null,
        null,
        1,
        null,
        1,
        4,
        null,
        1,
        1,
        1,
        1,
        null,
        null,
        null,
        1,
        1,
        1,
        1,
        1,
        null,
        null,
        null,
        1,
        1,
        1,
        null,
        null,
        null
      ],
      "/Users/rubykobayashi/Projects/Makers_wk10/bank/lib/bank.rb": [
        null,
        null,
        null,
        1,
        1,
        5,
        null,
        null,
        1,
        4,
        null,
        null,
        1,
        2,
        null,
        null,
        1,
        6,
        null,
        null
      ],
      "/Users/rubykobayashi/Projects/Makers_wk10/bank/spec/bank_statement_spec.rb": [
        null,
        null,
        1,
        1,
        null,
        1,
        1,
        0,
        0,
        null,
        0,
        0,
        0,
        null,
        null,
        null,
        null
      ],
      "/Users/rubykobayashi/Projects/Makers_wk10/bank/lib/bank_statement.rb": [
        null,
        null,
        null,
        1,
        1,
        1,
        null,
        null,
        1,
        1,
        null,
        null
      ],
      "/Users/rubykobayashi/Projects/Makers_wk10/bank/spec/features/user_can_deposit_and_withdraw_money_spec.rb": [
        null,
        null,
        1,
        null,
        null,
        null,
        null,
        null,
        null,
        null,
        null,
        null,
        1,
        1,
        1,
        1,
        1,
        1,
        1,
        null,
        null
      ],
      "/Users/rubykobayashi/Projects/Makers_wk10/bank/spec/features/user_can_see_bank_balance_spec.rb": [
        null,
        null,
        1,
        1,
        null,
        null,
        null,
        null,
        null,
        1,
        1,
        1,
        1,
        1,
        2,
        null,
        null
      ]
    },
    "timestamp": 1552319117
  }
}
